  [1m[36m (1.2ms)[0m  [1mCREATE TABLE "schema_migrations" ("version" varchar(255) NOT NULL) [0m
  [1m[35m (0.1ms)[0m  select sqlite_version(*)
  [1m[36m (0.9ms)[0m  [1mCREATE UNIQUE INDEX "unique_schema_migrations" ON "schema_migrations" ("version")[0m
  [1m[35mActiveRecord::SchemaMigration Load (0.1ms)[0m  SELECT "schema_migrations".* FROM "schema_migrations"
Migrating to CreateTodoLists (20141012144309)
  [1m[36m (0.1ms)[0m  [1mbegin transaction[0m
  [1m[35m (0.3ms)[0m  CREATE TABLE "todo_lists" ("id" INTEGER PRIMARY KEY AUTOINCREMENT NOT NULL, "title" varchar(255), "description" text, "created_at" datetime, "updated_at" datetime) 
  [1m[36mSQL (0.2ms)[0m  [1mINSERT INTO "schema_migrations" ("version") VALUES (?)[0m  [["version", "20141012144309"]]
  [1m[35m (0.8ms)[0m  commit transaction
Migrating to CreateTodoItems (20141012144541)
  [1m[36m (0.1ms)[0m  [1mbegin transaction[0m
  [1m[35m (0.3ms)[0m  CREATE TABLE "todo_items" ("id" INTEGER PRIMARY KEY AUTOINCREMENT NOT NULL, "content" varchar(255), "todo_list_id" integer, "created_at" datetime, "updated_at" datetime) 
  [1m[36m (0.1ms)[0m  [1mCREATE  INDEX "index_todo_items_on_todo_list_id" ON "todo_items" ("todo_list_id")[0m
  [1m[35mSQL (0.1ms)[0m  INSERT INTO "schema_migrations" ("version") VALUES (?)  [["version", "20141012144541"]]
  [1m[36m (0.8ms)[0m  [1mcommit transaction[0m
Migrating to AddCompletedAtToTodoItems (20141012150146)
  [1m[35m (0.0ms)[0m  begin transaction
  [1m[36m (0.2ms)[0m  [1mALTER TABLE "todo_items" ADD "completed_at" datetime[0m
  [1m[35mSQL (0.1ms)[0m  INSERT INTO "schema_migrations" ("version") VALUES (?)  [["version", "20141012150146"]]
  [1m[36m (0.7ms)[0m  [1mcommit transaction[0m
Migrating to DeviseCreateUsers (20151107080119)
  [1m[35m (0.0ms)[0m  begin transaction
  [1m[36m (0.3ms)[0m  [1mCREATE TABLE "users" ("id" INTEGER PRIMARY KEY AUTOINCREMENT NOT NULL, "email" varchar(255) DEFAULT '' NOT NULL, "encrypted_password" varchar(255) DEFAULT '' NOT NULL, "reset_password_token" varchar(255), "reset_password_sent_at" datetime, "remember_created_at" datetime, "sign_in_count" integer DEFAULT 0 NOT NULL, "current_sign_in_at" datetime, "last_sign_in_at" datetime, "current_sign_in_ip" varchar(255), "last_sign_in_ip" varchar(255), "created_at" datetime NOT NULL, "updated_at" datetime NOT NULL) [0m
  [1m[35m (0.3ms)[0m  CREATE UNIQUE INDEX "index_users_on_email" ON "users" ("email")
  [1m[36m (0.1ms)[0m  [1m            SELECT sql
            FROM sqlite_master
            WHERE name='index_users_on_email' AND type='index'
            UNION ALL
            SELECT sql
            FROM sqlite_temp_master
            WHERE name='index_users_on_email' AND type='index'
[0m
  [1m[35m (0.1ms)[0m  CREATE UNIQUE INDEX "index_users_on_reset_password_token" ON "users" ("reset_password_token")
  [1m[36mSQL (0.1ms)[0m  [1mINSERT INTO "schema_migrations" ("version") VALUES (?)[0m  [["version", "20151107080119"]]
  [1m[35m (0.9ms)[0m  commit transaction
  [1m[36mActiveRecord::SchemaMigration Load (0.1ms)[0m  [1mSELECT "schema_migrations".* FROM "schema_migrations"[0m
  [1m[35m (0.1ms)[0m              SELECT sql
            FROM sqlite_master
            WHERE name='index_todo_items_on_todo_list_id' AND type='index'
            UNION ALL
            SELECT sql
            FROM sqlite_temp_master
            WHERE name='index_todo_items_on_todo_list_id' AND type='index'

  [1m[36m (0.1ms)[0m  [1m            SELECT sql
            FROM sqlite_master
            WHERE name='index_users_on_reset_password_token' AND type='index'
            UNION ALL
            SELECT sql
            FROM sqlite_temp_master
            WHERE name='index_users_on_reset_password_token' AND type='index'
[0m
  [1m[35m (0.1ms)[0m              SELECT sql
            FROM sqlite_master
            WHERE name='index_users_on_email' AND type='index'
            UNION ALL
            SELECT sql
            FROM sqlite_temp_master
            WHERE name='index_users_on_email' AND type='index'



Started GET "/" for 127.0.0.1 at 2015-11-07 18:36:45 +1030
  [1m[36mActiveRecord::SchemaMigration Load (0.1ms)[0m  [1mSELECT "schema_migrations".* FROM "schema_migrations"[0m
Processing by TodoListsController#index as HTML
  [1m[35mTodoList Load (0.1ms)[0m  SELECT "todo_lists".* FROM "todo_lists"
  Rendered todo_lists/index.html.erb within layouts/application (2.3ms)
Completed 200 OK in 781ms (Views: 767.6ms | ActiveRecord: 0.1ms)


Started GET "/assets/jquery_ujs.js?body=1" for 127.0.0.1 at 2015-11-07 18:36:46 +1030


Started GET "/assets/turbolinks.js?body=1" for 127.0.0.1 at 2015-11-07 18:36:46 +1030


Started GET "/assets/jquery.js?body=1" for 127.0.0.1 at 2015-11-07 18:36:46 +1030


Started GET "/" for 127.0.0.1 at 2015-11-07 18:36:49 +1030
Processing by TodoListsController#index as HTML
  [1m[36mTodoList Load (0.3ms)[0m  [1mSELECT "todo_lists".* FROM "todo_lists"[0m
  Rendered todo_lists/index.html.erb within layouts/application (0.9ms)
Completed 200 OK in 28ms (Views: 26.8ms | ActiveRecord: 0.3ms)


Started GET "/assets/jquery.js?body=1" for 127.0.0.1 at 2015-11-07 18:36:49 +1030


Started GET "/users/sign_up" for 127.0.0.1 at 2015-11-07 18:36:51 +1030
Processing by RegistrationsController#new as HTML
Completed 406 Not Acceptable in 5ms

ActionController::UnknownFormat (ActionController::UnknownFormat):
  actionpack (4.1.5) lib/action_controller/metal/mime_responds.rb:440:in `retrieve_collector_from_mimes'
  actionpack (4.1.5) lib/action_controller/metal/mime_responds.rb:396:in `respond_with'
  devise (3.5.2) app/controllers/devise/registrations_controller.rb:10:in `new'
  actionpack (4.1.5) lib/action_controller/metal/implicit_render.rb:4:in `send_action'
  actionpack (4.1.5) lib/abstract_controller/base.rb:189:in `process_action'
  actionpack (4.1.5) lib/action_controller/metal/rendering.rb:10:in `process_action'
  actionpack (4.1.5) lib/abstract_controller/callbacks.rb:20:in `block in process_action'
  activesupport (4.1.5) lib/active_support/callbacks.rb:113:in `call'
  activesupport (4.1.5) lib/active_support/callbacks.rb:113:in `call'
  activesupport (4.1.5) lib/active_support/callbacks.rb:229:in `block in halting'
  activesupport (4.1.5) lib/active_support/callbacks.rb:229:in `call'
  activesupport (4.1.5) lib/active_support/callbacks.rb:229:in `block in halting'
  activesupport (4.1.5) lib/active_support/callbacks.rb:166:in `call'
  activesupport (4.1.5) lib/active_support/callbacks.rb:166:in `block in halting'
  activesupport (4.1.5) lib/active_support/callbacks.rb:166:in `call'
  activesupport (4.1.5) lib/active_support/callbacks.rb:166:in `block in halting'
  activesupport (4.1.5) lib/active_support/callbacks.rb:166:in `call'
  activesupport (4.1.5) lib/active_support/callbacks.rb:166:in `block in halting'
  activesupport (4.1.5) lib/active_support/callbacks.rb:166:in `call'
  activesupport (4.1.5) lib/active_support/callbacks.rb:166:in `block in halting'
  activesupport (4.1.5) lib/active_support/callbacks.rb:149:in `call'
  activesupport (4.1.5) lib/active_support/callbacks.rb:149:in `block in halting_and_conditional'
  activesupport (4.1.5) lib/active_support/callbacks.rb:149:in `call'
  activesupport (4.1.5) lib/active_support/callbacks.rb:149:in `block in halting_and_conditional'
  activesupport (4.1.5) lib/active_support/callbacks.rb:86:in `call'
  activesupport (4.1.5) lib/active_support/callbacks.rb:86:in `run_callbacks'
  actionpack (4.1.5) lib/abstract_controller/callbacks.rb:19:in `process_action'
  actionpack (4.1.5) lib/action_controller/metal/rescue.rb:29:in `process_action'
  actionpack (4.1.5) lib/action_controller/metal/instrumentation.rb:31:in `block in process_action'
  activesupport (4.1.5) lib/active_support/notifications.rb:159:in `block in instrument'
  activesupport (4.1.5) lib/active_support/notifications/instrumenter.rb:20:in `instrument'
  activesupport (4.1.5) lib/active_support/notifications.rb:159:in `instrument'
  actionpack (4.1.5) lib/action_controller/metal/instrumentation.rb:30:in `process_action'
  actionpack (4.1.5) lib/action_controller/metal/params_wrapper.rb:250:in `process_action'
  activerecord (4.1.5) lib/active_record/railties/controller_runtime.rb:18:in `process_action'
  actionpack (4.1.5) lib/abstract_controller/base.rb:136:in `process'
  actionview (4.1.5) lib/action_view/rendering.rb:30:in `process'
  actionpack (4.1.5) lib/action_controller/metal.rb:196:in `dispatch'
  actionpack (4.1.5) lib/action_controller/metal/rack_delegation.rb:13:in `dispatch'
  actionpack (4.1.5) lib/action_controller/metal.rb:232:in `block in action'
  actionpack (4.1.5) lib/action_dispatch/routing/route_set.rb:82:in `call'
  actionpack (4.1.5) lib/action_dispatch/routing/route_set.rb:82:in `dispatch'
  actionpack (4.1.5) lib/action_dispatch/routing/route_set.rb:50:in `call'
  actionpack (4.1.5) lib/action_dispatch/routing/mapper.rb:45:in `call'
  actionpack (4.1.5) lib/action_dispatch/journey/router.rb:71:in `block in call'
  actionpack (4.1.5) lib/action_dispatch/journey/router.rb:59:in `each'
  actionpack (4.1.5) lib/action_dispatch/journey/router.rb:59:in `call'
  actionpack (4.1.5) lib/action_dispatch/routing/route_set.rb:678:in `call'
  warden (1.2.3) lib/warden/manager.rb:35:in `block in call'
  warden (1.2.3) lib/warden/manager.rb:34:in `catch'
  warden (1.2.3) lib/warden/manager.rb:34:in `call'
  rack (1.5.2) lib/rack/etag.rb:23:in `call'
  rack (1.5.2) lib/rack/conditionalget.rb:25:in `call'
  rack (1.5.2) lib/rack/head.rb:11:in `call'
  actionpack (4.1.5) lib/action_dispatch/middleware/params_parser.rb:27:in `call'
  actionpack (4.1.5) lib/action_dispatch/middleware/flash.rb:254:in `call'
  rack (1.5.2) lib/rack/session/abstract/id.rb:225:in `context'
  rack (1.5.2) lib/rack/session/abstract/id.rb:220:in `call'
  actionpack (4.1.5) lib/action_dispatch/middleware/cookies.rb:560:in `call'
  activerecord (4.1.5) lib/active_record/query_cache.rb:36:in `call'
  activerecord (4.1.5) lib/active_record/connection_adapters/abstract/connection_pool.rb:621:in `call'
  activerecord (4.1.5) lib/active_record/migration.rb:380:in `call'
  actionpack (4.1.5) lib/action_dispatch/middleware/callbacks.rb:29:in `block in call'
  activesupport (4.1.5) lib/active_support/callbacks.rb:82:in `run_callbacks'
  actionpack (4.1.5) lib/action_dispatch/middleware/callbacks.rb:27:in `call'
  actionpack (4.1.5) lib/action_dispatch/middleware/reloader.rb:73:in `call'
  actionpack (4.1.5) lib/action_dispatch/middleware/remote_ip.rb:76:in `call'
  actionpack (4.1.5) lib/action_dispatch/middleware/debug_exceptions.rb:17:in `call'
  actionpack (4.1.5) lib/action_dispatch/middleware/show_exceptions.rb:30:in `call'
  railties (4.1.5) lib/rails/rack/logger.rb:38:in `call_app'
  railties (4.1.5) lib/rails/rack/logger.rb:20:in `block in call'
  activesupport (4.1.5) lib/active_support/tagged_logging.rb:68:in `block in tagged'
  activesupport (4.1.5) lib/active_support/tagged_logging.rb:26:in `tagged'
  activesupport (4.1.5) lib/active_support/tagged_logging.rb:68:in `tagged'
  railties (4.1.5) lib/rails/rack/logger.rb:20:in `call'
  actionpack (4.1.5) lib/action_dispatch/middleware/request_id.rb:21:in `call'
  rack (1.5.2) lib/rack/methodoverride.rb:21:in `call'
  rack (1.5.2) lib/rack/runtime.rb:17:in `call'
  activesupport (4.1.5) lib/active_support/cache/strategy/local_cache_middleware.rb:26:in `call'
  rack (1.5.2) lib/rack/lock.rb:17:in `call'
  actionpack (4.1.5) lib/action_dispatch/middleware/static.rb:64:in `call'
  rack (1.5.2) lib/rack/sendfile.rb:112:in `call'
  railties (4.1.5) lib/rails/engine.rb:514:in `call'
  railties (4.1.5) lib/rails/application.rb:144:in `call'
  rack (1.5.2) lib/rack/lock.rb:17:in `call'
  rack (1.5.2) lib/rack/content_length.rb:14:in `call'
  rack (1.5.2) lib/rack/handler/webrick.rb:60:in `service'
  /Users/padraigoleary/.rvm/rubies/ruby-2.2.0/lib/ruby/2.2.0/webrick/httpserver.rb:138:in `service'
  /Users/padraigoleary/.rvm/rubies/ruby-2.2.0/lib/ruby/2.2.0/webrick/httpserver.rb:94:in `run'
  /Users/padraigoleary/.rvm/rubies/ruby-2.2.0/lib/ruby/2.2.0/webrick/server.rb:294:in `block in start_thread'


  Rendered /Users/padraigoleary/.rvm/gems/ruby-2.2.0/gems/actionpack-4.1.5/lib/action_dispatch/middleware/templates/rescues/_source.erb (0.5ms)
  Rendered /Users/padraigoleary/.rvm/gems/ruby-2.2.0/gems/actionpack-4.1.5/lib/action_dispatch/middleware/templates/rescues/_trace.html.erb (1.9ms)
  Rendered /Users/padraigoleary/.rvm/gems/ruby-2.2.0/gems/actionpack-4.1.5/lib/action_dispatch/middleware/templates/rescues/_request_and_response.html.erb (1.2ms)
  Rendered /Users/padraigoleary/.rvm/gems/ruby-2.2.0/gems/actionpack-4.1.5/lib/action_dispatch/middleware/templates/rescues/diagnostics.erb within rescues/layout (52.3ms)


Started GET "/users/sign_up" for 127.0.0.1 at 2015-11-07 18:38:32 +1030
Processing by RegistrationsController#new as HTML
  Rendered devise/shared/_links.html.erb (1.4ms)
  Rendered devise/registrations/new.html.erb within layouts/application (42.0ms)
Completed 200 OK in 79ms (Views: 75.1ms | ActiveRecord: 0.6ms)


Started GET "/assets/application.css?body=1" for 127.0.0.1 at 2015-11-07 18:38:32 +1030


Started GET "/assets/turbolinks.js?body=1" for 127.0.0.1 at 2015-11-07 18:38:32 +1030


Started GET "/assets/application.js?body=1" for 127.0.0.1 at 2015-11-07 18:38:32 +1030


Started GET "/assets/jquery.js?body=1" for 127.0.0.1 at 2015-11-07 18:38:32 +1030


Started GET "/assets/todo_items.js?body=1" for 127.0.0.1 at 2015-11-07 18:38:32 +1030


Started GET "/assets/jquery_ujs.js?body=1" for 127.0.0.1 at 2015-11-07 18:38:32 +1030


Started GET "/assets/todo_lists.js?body=1" for 127.0.0.1 at 2015-11-07 18:38:32 +1030


Started POST "/users" for 127.0.0.1 at 2015-11-07 18:39:10 +1030
Processing by RegistrationsController#create as HTML
  Parameters: {"utf8"=>"✓", "authenticity_token"=>"gCxOrWkmL61tJkMHH+50R/Bu//RBjgvsh0+k2LMddKE=", "user"=>{"email"=>"test5@test.com", "password"=>"[FILTERED]", "password_confirmation"=>"[FILTERED]"}, "commit"=>"Sign up"}
  [1m[35m (0.1ms)[0m  begin transaction
  [1m[36mUser Exists (0.1ms)[0m  [1mSELECT  1 AS one FROM "users"  WHERE "users"."email" = 'test5@test.com' LIMIT 1[0m
Binary data inserted for `string` type on column `encrypted_password`
  [1m[35mSQL (0.4ms)[0m  INSERT INTO "users" ("created_at", "email", "encrypted_password", "updated_at") VALUES (?, ?, ?, ?)  [["created_at", "2015-11-07 08:09:10.645419"], ["email", "test5@test.com"], ["encrypted_password", "$2a$10$L2wolZBhhb9kOmvlxXdJhOqgLY2HeDzUvv1QREKVrxGTmCqaUdnqq"], ["updated_at", "2015-11-07 08:09:10.645419"]]
  [1m[36m (0.9ms)[0m  [1mcommit transaction[0m
  [1m[35m (0.1ms)[0m  begin transaction
Binary data inserted for `string` type on column `current_sign_in_ip`
Binary data inserted for `string` type on column `last_sign_in_ip`
  [1m[36mSQL (0.6ms)[0m  [1mUPDATE "users" SET "current_sign_in_at" = ?, "current_sign_in_ip" = ?, "last_sign_in_at" = ?, "last_sign_in_ip" = ?, "sign_in_count" = ?, "updated_at" = ? WHERE "users"."id" = 1[0m  [["current_sign_in_at", "2015-11-07 08:09:10.649563"], ["current_sign_in_ip", "127.0.0.1"], ["last_sign_in_at", "2015-11-07 08:09:10.649563"], ["last_sign_in_ip", "127.0.0.1"], ["sign_in_count", 1], ["updated_at", "2015-11-07 08:09:10.650447"]]
  [1m[35m (0.7ms)[0m  commit transaction
Redirected to http://localhost:3000/
Completed 302 Found in 119ms (ActiveRecord: 3.4ms)


Started GET "/" for 127.0.0.1 at 2015-11-07 18:39:10 +1030
Processing by TodoListsController#index as HTML
  [1m[36mTodoList Load (0.1ms)[0m  [1mSELECT "todo_lists".* FROM "todo_lists"[0m
  Rendered todo_lists/index.html.erb within layouts/application (0.7ms)
Completed 200 OK in 25ms (Views: 22.7ms | ActiveRecord: 0.1ms)


Started GET "/assets/jquery.js?body=1" for 127.0.0.1 at 2015-11-07 18:39:10 +1030


Started GET "/assets/turbolinks.js?body=1" for 127.0.0.1 at 2015-11-07 18:39:10 +1030


Started GET "/assets/application.js?body=1" for 127.0.0.1 at 2015-11-07 18:39:10 +1030


Started GET "/assets/jquery_ujs.js?body=1" for 127.0.0.1 at 2015-11-07 18:39:10 +1030


Started GET "/assets/todo_items.js?body=1" for 127.0.0.1 at 2015-11-07 18:39:10 +1030


Started GET "/assets/todo_lists.js?body=1" for 127.0.0.1 at 2015-11-07 18:39:10 +1030


Started GET "/" for 127.0.0.1 at 2015-11-07 18:45:51 +1030
Processing by TodoListsController#index as */*
  [1m[35mTodoList Load (0.5ms)[0m  SELECT "todo_lists".* FROM "todo_lists"
  Rendered todo_lists/index.html.erb within layouts/application (9.1ms)
Completed 200 OK in 79ms (Views: 74.5ms | ActiveRecord: 0.5ms)


Started GET "/todo_lists" for 127.0.0.1 at 2015-11-07 18:46:50 +1030
Processing by TodoListsController#index as */*
  [1m[36mTodoList Load (0.1ms)[0m  [1mSELECT "todo_lists".* FROM "todo_lists"[0m
  Rendered todo_lists/index.html.erb within layouts/application (0.7ms)
Completed 200 OK in 52ms (Views: 50.5ms | ActiveRecord: 0.1ms)


Started POST "/users" for 127.0.0.1 at 2015-11-07 18:49:42 +1030
Processing by RegistrationsController#create as */*
Can't verify CSRF token authenticity
Completed 422 Unprocessable Entity in 2ms

ActionController::InvalidAuthenticityToken (ActionController::InvalidAuthenticityToken):
  actionpack (4.1.5) lib/action_controller/metal/request_forgery_protection.rb:176:in `handle_unverified_request'
  actionpack (4.1.5) lib/action_controller/metal/request_forgery_protection.rb:202:in `handle_unverified_request'
  devise (3.5.2) lib/devise/controllers/helpers.rb:251:in `handle_unverified_request'
  actionpack (4.1.5) lib/action_controller/metal/request_forgery_protection.rb:197:in `verify_authenticity_token'
  activesupport (4.1.5) lib/active_support/callbacks.rb:424:in `block in make_lambda'
  activesupport (4.1.5) lib/active_support/callbacks.rb:160:in `call'
  activesupport (4.1.5) lib/active_support/callbacks.rb:160:in `block in halting'
  activesupport (4.1.5) lib/active_support/callbacks.rb:166:in `call'
  activesupport (4.1.5) lib/active_support/callbacks.rb:166:in `block in halting'
  activesupport (4.1.5) lib/active_support/callbacks.rb:149:in `call'
  activesupport (4.1.5) lib/active_support/callbacks.rb:149:in `block in halting_and_conditional'
  activesupport (4.1.5) lib/active_support/callbacks.rb:149:in `call'
  activesupport (4.1.5) lib/active_support/callbacks.rb:149:in `block in halting_and_conditional'
  activesupport (4.1.5) lib/active_support/callbacks.rb:86:in `call'
  activesupport (4.1.5) lib/active_support/callbacks.rb:86:in `run_callbacks'
  actionpack (4.1.5) lib/abstract_controller/callbacks.rb:19:in `process_action'
  actionpack (4.1.5) lib/action_controller/metal/rescue.rb:29:in `process_action'
  actionpack (4.1.5) lib/action_controller/metal/instrumentation.rb:31:in `block in process_action'
  activesupport (4.1.5) lib/active_support/notifications.rb:159:in `block in instrument'
  activesupport (4.1.5) lib/active_support/notifications/instrumenter.rb:20:in `instrument'
  activesupport (4.1.5) lib/active_support/notifications.rb:159:in `instrument'
  actionpack (4.1.5) lib/action_controller/metal/instrumentation.rb:30:in `process_action'
  actionpack (4.1.5) lib/action_controller/metal/params_wrapper.rb:250:in `process_action'
  activerecord (4.1.5) lib/active_record/railties/controller_runtime.rb:18:in `process_action'
  actionpack (4.1.5) lib/abstract_controller/base.rb:136:in `process'
  actionview (4.1.5) lib/action_view/rendering.rb:30:in `process'
  actionpack (4.1.5) lib/action_controller/metal.rb:196:in `dispatch'
  actionpack (4.1.5) lib/action_controller/metal/rack_delegation.rb:13:in `dispatch'
  actionpack (4.1.5) lib/action_controller/metal.rb:232:in `block in action'
  actionpack (4.1.5) lib/action_dispatch/routing/route_set.rb:82:in `call'
  actionpack (4.1.5) lib/action_dispatch/routing/route_set.rb:82:in `dispatch'
  actionpack (4.1.5) lib/action_dispatch/routing/route_set.rb:50:in `call'
  actionpack (4.1.5) lib/action_dispatch/routing/mapper.rb:45:in `call'
  actionpack (4.1.5) lib/action_dispatch/journey/router.rb:71:in `block in call'
  actionpack (4.1.5) lib/action_dispatch/journey/router.rb:59:in `each'
  actionpack (4.1.5) lib/action_dispatch/journey/router.rb:59:in `call'
  actionpack (4.1.5) lib/action_dispatch/routing/route_set.rb:678:in `call'
  warden (1.2.3) lib/warden/manager.rb:35:in `block in call'
  warden (1.2.3) lib/warden/manager.rb:34:in `catch'
  warden (1.2.3) lib/warden/manager.rb:34:in `call'
  rack (1.5.2) lib/rack/etag.rb:23:in `call'
  rack (1.5.2) lib/rack/conditionalget.rb:35:in `call'
  rack (1.5.2) lib/rack/head.rb:11:in `call'
  actionpack (4.1.5) lib/action_dispatch/middleware/params_parser.rb:27:in `call'
  actionpack (4.1.5) lib/action_dispatch/middleware/flash.rb:254:in `call'
  rack (1.5.2) lib/rack/session/abstract/id.rb:225:in `context'
  rack (1.5.2) lib/rack/session/abstract/id.rb:220:in `call'
  actionpack (4.1.5) lib/action_dispatch/middleware/cookies.rb:560:in `call'
  activerecord (4.1.5) lib/active_record/query_cache.rb:36:in `call'
  activerecord (4.1.5) lib/active_record/connection_adapters/abstract/connection_pool.rb:621:in `call'
  activerecord (4.1.5) lib/active_record/migration.rb:380:in `call'
  actionpack (4.1.5) lib/action_dispatch/middleware/callbacks.rb:29:in `block in call'
  activesupport (4.1.5) lib/active_support/callbacks.rb:82:in `run_callbacks'
  actionpack (4.1.5) lib/action_dispatch/middleware/callbacks.rb:27:in `call'
  actionpack (4.1.5) lib/action_dispatch/middleware/reloader.rb:73:in `call'
  actionpack (4.1.5) lib/action_dispatch/middleware/remote_ip.rb:76:in `call'
  actionpack (4.1.5) lib/action_dispatch/middleware/debug_exceptions.rb:17:in `call'
  actionpack (4.1.5) lib/action_dispatch/middleware/show_exceptions.rb:30:in `call'
  railties (4.1.5) lib/rails/rack/logger.rb:38:in `call_app'
  railties (4.1.5) lib/rails/rack/logger.rb:20:in `block in call'
  activesupport (4.1.5) lib/active_support/tagged_logging.rb:68:in `block in tagged'
  activesupport (4.1.5) lib/active_support/tagged_logging.rb:26:in `tagged'
  activesupport (4.1.5) lib/active_support/tagged_logging.rb:68:in `tagged'
  railties (4.1.5) lib/rails/rack/logger.rb:20:in `call'
  actionpack (4.1.5) lib/action_dispatch/middleware/request_id.rb:21:in `call'
  rack (1.5.2) lib/rack/methodoverride.rb:21:in `call'
  rack (1.5.2) lib/rack/runtime.rb:17:in `call'
  activesupport (4.1.5) lib/active_support/cache/strategy/local_cache_middleware.rb:26:in `call'
  rack (1.5.2) lib/rack/lock.rb:17:in `call'
  actionpack (4.1.5) lib/action_dispatch/middleware/static.rb:64:in `call'
  rack (1.5.2) lib/rack/sendfile.rb:112:in `call'
  railties (4.1.5) lib/rails/engine.rb:514:in `call'
  railties (4.1.5) lib/rails/application.rb:144:in `call'
  rack (1.5.2) lib/rack/lock.rb:17:in `call'
  rack (1.5.2) lib/rack/content_length.rb:14:in `call'
  rack (1.5.2) lib/rack/handler/webrick.rb:60:in `service'
  /Users/padraigoleary/.rvm/rubies/ruby-2.2.0/lib/ruby/2.2.0/webrick/httpserver.rb:138:in `service'
  /Users/padraigoleary/.rvm/rubies/ruby-2.2.0/lib/ruby/2.2.0/webrick/httpserver.rb:94:in `run'
  /Users/padraigoleary/.rvm/rubies/ruby-2.2.0/lib/ruby/2.2.0/webrick/server.rb:294:in `block in start_thread'


  Rendered /Users/padraigoleary/.rvm/gems/ruby-2.2.0/gems/actionpack-4.1.5/lib/action_dispatch/middleware/templates/rescues/_source.erb (0.7ms)
  Rendered /Users/padraigoleary/.rvm/gems/ruby-2.2.0/gems/actionpack-4.1.5/lib/action_dispatch/middleware/templates/rescues/_trace.html.erb (1.1ms)
  Rendered /Users/padraigoleary/.rvm/gems/ruby-2.2.0/gems/actionpack-4.1.5/lib/action_dispatch/middleware/templates/rescues/_request_and_response.html.erb (1.1ms)
  Rendered /Users/padraigoleary/.rvm/gems/ruby-2.2.0/gems/actionpack-4.1.5/lib/action_dispatch/middleware/templates/rescues/diagnostics.erb within rescues/layout (47.5ms)


Started POST "/users/sign_up" for 127.0.0.1 at 2015-11-07 18:50:19 +1030

ActionController::RoutingError (No route matches [POST] "/users/sign_up"):
  actionpack (4.1.5) lib/action_dispatch/middleware/debug_exceptions.rb:21:in `call'
  actionpack (4.1.5) lib/action_dispatch/middleware/show_exceptions.rb:30:in `call'
  railties (4.1.5) lib/rails/rack/logger.rb:38:in `call_app'
  railties (4.1.5) lib/rails/rack/logger.rb:20:in `block in call'
  activesupport (4.1.5) lib/active_support/tagged_logging.rb:68:in `block in tagged'
  activesupport (4.1.5) lib/active_support/tagged_logging.rb:26:in `tagged'
  activesupport (4.1.5) lib/active_support/tagged_logging.rb:68:in `tagged'
  railties (4.1.5) lib/rails/rack/logger.rb:20:in `call'
  actionpack (4.1.5) lib/action_dispatch/middleware/request_id.rb:21:in `call'
  rack (1.5.2) lib/rack/methodoverride.rb:21:in `call'
  rack (1.5.2) lib/rack/runtime.rb:17:in `call'
  activesupport (4.1.5) lib/active_support/cache/strategy/local_cache_middleware.rb:26:in `call'
  rack (1.5.2) lib/rack/lock.rb:17:in `call'
  actionpack (4.1.5) lib/action_dispatch/middleware/static.rb:64:in `call'
  rack (1.5.2) lib/rack/sendfile.rb:112:in `call'
  railties (4.1.5) lib/rails/engine.rb:514:in `call'
  railties (4.1.5) lib/rails/application.rb:144:in `call'
  rack (1.5.2) lib/rack/lock.rb:17:in `call'
  rack (1.5.2) lib/rack/content_length.rb:14:in `call'
  rack (1.5.2) lib/rack/handler/webrick.rb:60:in `service'
  /Users/padraigoleary/.rvm/rubies/ruby-2.2.0/lib/ruby/2.2.0/webrick/httpserver.rb:138:in `service'
  /Users/padraigoleary/.rvm/rubies/ruby-2.2.0/lib/ruby/2.2.0/webrick/httpserver.rb:94:in `run'
  /Users/padraigoleary/.rvm/rubies/ruby-2.2.0/lib/ruby/2.2.0/webrick/server.rb:294:in `block in start_thread'


  Rendered /Users/padraigoleary/.rvm/gems/ruby-2.2.0/gems/actionpack-4.1.5/lib/action_dispatch/middleware/templates/rescues/_trace.html.erb (1.4ms)
  Rendered /Users/padraigoleary/.rvm/gems/ruby-2.2.0/gems/actionpack-4.1.5/lib/action_dispatch/middleware/templates/routes/_route.html.erb (2.9ms)
  Rendered /Users/padraigoleary/.rvm/gems/ruby-2.2.0/gems/actionpack-4.1.5/lib/action_dispatch/middleware/templates/routes/_table.html.erb (2.8ms)
  Rendered /Users/padraigoleary/.rvm/gems/ruby-2.2.0/gems/actionpack-4.1.5/lib/action_dispatch/middleware/templates/rescues/routing_error.html.erb within rescues/layout (63.6ms)


Started GET "/" for 127.0.0.1 at 2015-11-07 19:09:22 +1030
Processing by TodoListsController#index as HTML
  [1m[35mTodoList Load (0.6ms)[0m  SELECT "todo_lists".* FROM "todo_lists"
  Rendered todo_lists/index.html.erb within layouts/application (5.6ms)
Completed 200 OK in 61ms (Views: 55.9ms | ActiveRecord: 0.6ms)


Started GET "/assets/jquery_ujs.js?body=1" for 127.0.0.1 at 2015-11-07 19:09:22 +1030


Started GET "/assets/jquery.js?body=1" for 127.0.0.1 at 2015-11-07 19:09:22 +1030


Started GET "/assets/turbolinks.js?body=1" for 127.0.0.1 at 2015-11-07 19:09:22 +1030


Started GET "/users/sign_up" for 127.0.0.1 at 2015-11-07 19:09:24 +1030
Processing by RegistrationsController#new as HTML
  [1m[36mUser Load (0.7ms)[0m  [1mSELECT  "users".* FROM "users"  WHERE "users"."id" = 1  ORDER BY "users"."id" ASC LIMIT 1[0m
Redirected to http://localhost:3000/
Filter chain halted as :require_no_authentication rendered or redirected
Completed 302 Found in 11ms (ActiveRecord: 0.7ms)


Started GET "/" for 127.0.0.1 at 2015-11-07 19:09:24 +1030
Processing by TodoListsController#index as HTML
  [1m[35mTodoList Load (0.1ms)[0m  SELECT "todo_lists".* FROM "todo_lists"
  Rendered todo_lists/index.html.erb within layouts/application (0.6ms)
Completed 200 OK in 35ms (Views: 34.6ms | ActiveRecord: 0.1ms)


Started GET "/assets/jquery.js?body=1" for 127.0.0.1 at 2015-11-07 19:09:24 +1030


Started GET "/assets/turbolinks.js?body=1" for 127.0.0.1 at 2015-11-07 19:09:24 +1030


Started GET "/assets/jquery_ujs.js?body=1" for 127.0.0.1 at 2015-11-07 19:09:24 +1030


Started GET "/assets/todo_items.js?body=1" for 127.0.0.1 at 2015-11-07 19:09:24 +1030


Started GET "/assets/todo_lists.js?body=1" for 127.0.0.1 at 2015-11-07 19:09:24 +1030


Started GET "/assets/application.js?body=1" for 127.0.0.1 at 2015-11-07 19:09:24 +1030


Started GET "/users" for 127.0.0.1 at 2015-11-07 19:09:34 +1030

ActionController::RoutingError (No route matches [GET] "/users"):
  actionpack (4.1.5) lib/action_dispatch/middleware/debug_exceptions.rb:21:in `call'
  actionpack (4.1.5) lib/action_dispatch/middleware/show_exceptions.rb:30:in `call'
  railties (4.1.5) lib/rails/rack/logger.rb:38:in `call_app'
  railties (4.1.5) lib/rails/rack/logger.rb:20:in `block in call'
  activesupport (4.1.5) lib/active_support/tagged_logging.rb:68:in `block in tagged'
  activesupport (4.1.5) lib/active_support/tagged_logging.rb:26:in `tagged'
  activesupport (4.1.5) lib/active_support/tagged_logging.rb:68:in `tagged'
  railties (4.1.5) lib/rails/rack/logger.rb:20:in `call'
  actionpack (4.1.5) lib/action_dispatch/middleware/request_id.rb:21:in `call'
  rack (1.5.2) lib/rack/methodoverride.rb:21:in `call'
  rack (1.5.2) lib/rack/runtime.rb:17:in `call'
  activesupport (4.1.5) lib/active_support/cache/strategy/local_cache_middleware.rb:26:in `call'
  rack (1.5.2) lib/rack/lock.rb:17:in `call'
  actionpack (4.1.5) lib/action_dispatch/middleware/static.rb:64:in `call'
  rack (1.5.2) lib/rack/sendfile.rb:112:in `call'
  railties (4.1.5) lib/rails/engine.rb:514:in `call'
  railties (4.1.5) lib/rails/application.rb:144:in `call'
  rack (1.5.2) lib/rack/lock.rb:17:in `call'
  rack (1.5.2) lib/rack/content_length.rb:14:in `call'
  rack (1.5.2) lib/rack/handler/webrick.rb:60:in `service'
  /Users/padraigoleary/.rvm/rubies/ruby-2.2.0/lib/ruby/2.2.0/webrick/httpserver.rb:138:in `service'
  /Users/padraigoleary/.rvm/rubies/ruby-2.2.0/lib/ruby/2.2.0/webrick/httpserver.rb:94:in `run'
  /Users/padraigoleary/.rvm/rubies/ruby-2.2.0/lib/ruby/2.2.0/webrick/server.rb:294:in `block in start_thread'


  Rendered /Users/padraigoleary/.rvm/gems/ruby-2.2.0/gems/actionpack-4.1.5/lib/action_dispatch/middleware/templates/rescues/_trace.html.erb (1.2ms)
  Rendered /Users/padraigoleary/.rvm/gems/ruby-2.2.0/gems/actionpack-4.1.5/lib/action_dispatch/middleware/templates/routes/_route.html.erb (2.9ms)
  Rendered /Users/padraigoleary/.rvm/gems/ruby-2.2.0/gems/actionpack-4.1.5/lib/action_dispatch/middleware/templates/routes/_table.html.erb (1.5ms)
  Rendered /Users/padraigoleary/.rvm/gems/ruby-2.2.0/gems/actionpack-4.1.5/lib/action_dispatch/middleware/templates/rescues/routing_error.html.erb within rescues/layout (55.7ms)


Started GET "/users/sign_out" for 127.0.0.1 at 2015-11-07 19:09:36 +1030

ActionController::RoutingError (No route matches [GET] "/users/sign_out"):
  actionpack (4.1.5) lib/action_dispatch/middleware/debug_exceptions.rb:21:in `call'
  actionpack (4.1.5) lib/action_dispatch/middleware/show_exceptions.rb:30:in `call'
  railties (4.1.5) lib/rails/rack/logger.rb:38:in `call_app'
  railties (4.1.5) lib/rails/rack/logger.rb:20:in `block in call'
  activesupport (4.1.5) lib/active_support/tagged_logging.rb:68:in `block in tagged'
  activesupport (4.1.5) lib/active_support/tagged_logging.rb:26:in `tagged'
  activesupport (4.1.5) lib/active_support/tagged_logging.rb:68:in `tagged'
  railties (4.1.5) lib/rails/rack/logger.rb:20:in `call'
  actionpack (4.1.5) lib/action_dispatch/middleware/request_id.rb:21:in `call'
  rack (1.5.2) lib/rack/methodoverride.rb:21:in `call'
  rack (1.5.2) lib/rack/runtime.rb:17:in `call'
  activesupport (4.1.5) lib/active_support/cache/strategy/local_cache_middleware.rb:26:in `call'
  rack (1.5.2) lib/rack/lock.rb:17:in `call'
  actionpack (4.1.5) lib/action_dispatch/middleware/static.rb:64:in `call'
  rack (1.5.2) lib/rack/sendfile.rb:112:in `call'
  railties (4.1.5) lib/rails/engine.rb:514:in `call'
  railties (4.1.5) lib/rails/application.rb:144:in `call'
  rack (1.5.2) lib/rack/lock.rb:17:in `call'
  rack (1.5.2) lib/rack/content_length.rb:14:in `call'
  rack (1.5.2) lib/rack/handler/webrick.rb:60:in `service'
  /Users/padraigoleary/.rvm/rubies/ruby-2.2.0/lib/ruby/2.2.0/webrick/httpserver.rb:138:in `service'
  /Users/padraigoleary/.rvm/rubies/ruby-2.2.0/lib/ruby/2.2.0/webrick/httpserver.rb:94:in `run'
  /Users/padraigoleary/.rvm/rubies/ruby-2.2.0/lib/ruby/2.2.0/webrick/server.rb:294:in `block in start_thread'


  Rendered /Users/padraigoleary/.rvm/gems/ruby-2.2.0/gems/actionpack-4.1.5/lib/action_dispatch/middleware/templates/rescues/_trace.html.erb (1.0ms)
  Rendered /Users/padraigoleary/.rvm/gems/ruby-2.2.0/gems/actionpack-4.1.5/lib/action_dispatch/middleware/templates/routes/_route.html.erb (2.5ms)
  Rendered /Users/padraigoleary/.rvm/gems/ruby-2.2.0/gems/actionpack-4.1.5/lib/action_dispatch/middleware/templates/routes/_table.html.erb (1.3ms)
  Rendered /Users/padraigoleary/.rvm/gems/ruby-2.2.0/gems/actionpack-4.1.5/lib/action_dispatch/middleware/templates/rescues/routing_error.html.erb within rescues/layout (53.3ms)


Started GET "/users/sign_out" for 127.0.0.1 at 2015-11-07 19:09:37 +1030

ActionController::RoutingError (No route matches [GET] "/users/sign_out"):
  actionpack (4.1.5) lib/action_dispatch/middleware/debug_exceptions.rb:21:in `call'
  actionpack (4.1.5) lib/action_dispatch/middleware/show_exceptions.rb:30:in `call'
  railties (4.1.5) lib/rails/rack/logger.rb:38:in `call_app'
  railties (4.1.5) lib/rails/rack/logger.rb:20:in `block in call'
  activesupport (4.1.5) lib/active_support/tagged_logging.rb:68:in `block in tagged'
  activesupport (4.1.5) lib/active_support/tagged_logging.rb:26:in `tagged'
  activesupport (4.1.5) lib/active_support/tagged_logging.rb:68:in `tagged'
  railties (4.1.5) lib/rails/rack/logger.rb:20:in `call'
  actionpack (4.1.5) lib/action_dispatch/middleware/request_id.rb:21:in `call'
  rack (1.5.2) lib/rack/methodoverride.rb:21:in `call'
  rack (1.5.2) lib/rack/runtime.rb:17:in `call'
  activesupport (4.1.5) lib/active_support/cache/strategy/local_cache_middleware.rb:26:in `call'
  rack (1.5.2) lib/rack/lock.rb:17:in `call'
  actionpack (4.1.5) lib/action_dispatch/middleware/static.rb:64:in `call'
  rack (1.5.2) lib/rack/sendfile.rb:112:in `call'
  railties (4.1.5) lib/rails/engine.rb:514:in `call'
  railties (4.1.5) lib/rails/application.rb:144:in `call'
  rack (1.5.2) lib/rack/lock.rb:17:in `call'
  rack (1.5.2) lib/rack/content_length.rb:14:in `call'
  rack (1.5.2) lib/rack/handler/webrick.rb:60:in `service'
  /Users/padraigoleary/.rvm/rubies/ruby-2.2.0/lib/ruby/2.2.0/webrick/httpserver.rb:138:in `service'
  /Users/padraigoleary/.rvm/rubies/ruby-2.2.0/lib/ruby/2.2.0/webrick/httpserver.rb:94:in `run'
  /Users/padraigoleary/.rvm/rubies/ruby-2.2.0/lib/ruby/2.2.0/webrick/server.rb:294:in `block in start_thread'


  Rendered /Users/padraigoleary/.rvm/gems/ruby-2.2.0/gems/actionpack-4.1.5/lib/action_dispatch/middleware/templates/rescues/_trace.html.erb (1.2ms)
  Rendered /Users/padraigoleary/.rvm/gems/ruby-2.2.0/gems/actionpack-4.1.5/lib/action_dispatch/middleware/templates/routes/_route.html.erb (6.1ms)
  Rendered /Users/padraigoleary/.rvm/gems/ruby-2.2.0/gems/actionpack-4.1.5/lib/action_dispatch/middleware/templates/routes/_table.html.erb (0.9ms)
  Rendered /Users/padraigoleary/.rvm/gems/ruby-2.2.0/gems/actionpack-4.1.5/lib/action_dispatch/middleware/templates/rescues/routing_error.html.erb within rescues/layout (59.0ms)


Started GET "/users/sign_up" for 127.0.0.1 at 2015-11-07 19:09:50 +1030
Processing by RegistrationsController#new as HTML
  [1m[36mUser Load (0.1ms)[0m  [1mSELECT  "users".* FROM "users"  WHERE "users"."id" = 1  ORDER BY "users"."id" ASC LIMIT 1[0m
Redirected to http://localhost:3000/
Filter chain halted as :require_no_authentication rendered or redirected
Completed 302 Found in 1ms (ActiveRecord: 0.1ms)


Started GET "/" for 127.0.0.1 at 2015-11-07 19:09:50 +1030
Processing by TodoListsController#index as HTML
  [1m[35mTodoList Load (0.1ms)[0m  SELECT "todo_lists".* FROM "todo_lists"
  Rendered todo_lists/index.html.erb within layouts/application (0.7ms)
Completed 200 OK in 28ms (Views: 27.5ms | ActiveRecord: 0.1ms)


Started GET "/assets/jquery.js?body=1" for 127.0.0.1 at 2015-11-07 19:09:50 +1030


Started GET "/assets/turbolinks.js?body=1" for 127.0.0.1 at 2015-11-07 19:09:50 +1030


Started GET "/assets/jquery_ujs.js?body=1" for 127.0.0.1 at 2015-11-07 19:09:50 +1030


Started GET "/users/sign_up" for 127.0.0.1 at 2015-11-07 19:09:50 +1030
Processing by RegistrationsController#new as HTML
  [1m[36mUser Load (0.1ms)[0m  [1mSELECT  "users".* FROM "users"  WHERE "users"."id" = 1  ORDER BY "users"."id" ASC LIMIT 1[0m
Redirected to http://localhost:3000/
Filter chain halted as :require_no_authentication rendered or redirected
Completed 302 Found in 2ms (ActiveRecord: 0.1ms)


Started GET "/" for 127.0.0.1 at 2015-11-07 19:09:50 +1030
Processing by TodoListsController#index as HTML
  [1m[35mTodoList Load (0.1ms)[0m  SELECT "todo_lists".* FROM "todo_lists"
  Rendered todo_lists/index.html.erb within layouts/application (0.4ms)
Completed 200 OK in 27ms (Views: 26.2ms | ActiveRecord: 0.1ms)


Started GET "/assets/jquery.js?body=1" for 127.0.0.1 at 2015-11-07 19:09:51 +1030


Started GET "/assets/todo_lists.js?body=1" for 127.0.0.1 at 2015-11-07 19:09:51 +1030


Started GET "/assets/jquery_ujs.js?body=1" for 127.0.0.1 at 2015-11-07 19:09:51 +1030


Started GET "/assets/application.js?body=1" for 127.0.0.1 at 2015-11-07 19:09:51 +1030


Started GET "/assets/turbolinks.js?body=1" for 127.0.0.1 at 2015-11-07 19:09:51 +1030


Started GET "/assets/todo_items.js?body=1" for 127.0.0.1 at 2015-11-07 19:09:51 +1030


Started GET "/" for 127.0.0.1 at 2015-11-07 19:09:55 +1030
Processing by TodoListsController#index as HTML
  [1m[36mTodoList Load (0.1ms)[0m  [1mSELECT "todo_lists".* FROM "todo_lists"[0m
  Rendered todo_lists/index.html.erb within layouts/application (0.7ms)
Completed 200 OK in 28ms (Views: 27.4ms | ActiveRecord: 0.1ms)


Started GET "/assets/jquery.js?body=1" for 127.0.0.1 at 2015-11-07 19:09:55 +1030


Started GET "/assets/jquery_ujs.js?body=1" for 127.0.0.1 at 2015-11-07 19:09:55 +1030


Started GET "/assets/turbolinks.js?body=1" for 127.0.0.1 at 2015-11-07 19:09:55 +1030


Started POST "/users/sign_up" for 127.0.0.1 at 2015-11-07 19:14:10 +1030

ActionController::RoutingError (No route matches [POST] "/users/sign_up"):
  actionpack (4.1.5) lib/action_dispatch/middleware/debug_exceptions.rb:21:in `call'
  actionpack (4.1.5) lib/action_dispatch/middleware/show_exceptions.rb:30:in `call'
  railties (4.1.5) lib/rails/rack/logger.rb:38:in `call_app'
  railties (4.1.5) lib/rails/rack/logger.rb:20:in `block in call'
  activesupport (4.1.5) lib/active_support/tagged_logging.rb:68:in `block in tagged'
  activesupport (4.1.5) lib/active_support/tagged_logging.rb:26:in `tagged'
  activesupport (4.1.5) lib/active_support/tagged_logging.rb:68:in `tagged'
  railties (4.1.5) lib/rails/rack/logger.rb:20:in `call'
  actionpack (4.1.5) lib/action_dispatch/middleware/request_id.rb:21:in `call'
  rack (1.5.2) lib/rack/methodoverride.rb:21:in `call'
  rack (1.5.2) lib/rack/runtime.rb:17:in `call'
  activesupport (4.1.5) lib/active_support/cache/strategy/local_cache_middleware.rb:26:in `call'
  rack (1.5.2) lib/rack/lock.rb:17:in `call'
  actionpack (4.1.5) lib/action_dispatch/middleware/static.rb:64:in `call'
  rack (1.5.2) lib/rack/sendfile.rb:112:in `call'
  railties (4.1.5) lib/rails/engine.rb:514:in `call'
  railties (4.1.5) lib/rails/application.rb:144:in `call'
  rack (1.5.2) lib/rack/lock.rb:17:in `call'
  rack (1.5.2) lib/rack/content_length.rb:14:in `call'
  rack (1.5.2) lib/rack/handler/webrick.rb:60:in `service'
  /Users/padraigoleary/.rvm/rubies/ruby-2.2.0/lib/ruby/2.2.0/webrick/httpserver.rb:138:in `service'
  /Users/padraigoleary/.rvm/rubies/ruby-2.2.0/lib/ruby/2.2.0/webrick/httpserver.rb:94:in `run'
  /Users/padraigoleary/.rvm/rubies/ruby-2.2.0/lib/ruby/2.2.0/webrick/server.rb:294:in `block in start_thread'


  Rendered /Users/padraigoleary/.rvm/gems/ruby-2.2.0/gems/actionpack-4.1.5/lib/action_dispatch/middleware/templates/rescues/_trace.html.erb (1.1ms)
  Rendered /Users/padraigoleary/.rvm/gems/ruby-2.2.0/gems/actionpack-4.1.5/lib/action_dispatch/middleware/templates/routes/_route.html.erb (4.2ms)
  Rendered /Users/padraigoleary/.rvm/gems/ruby-2.2.0/gems/actionpack-4.1.5/lib/action_dispatch/middleware/templates/routes/_table.html.erb (1.4ms)
  Rendered /Users/padraigoleary/.rvm/gems/ruby-2.2.0/gems/actionpack-4.1.5/lib/action_dispatch/middleware/templates/rescues/routing_error.html.erb within rescues/layout (57.8ms)


Started GET "/users" for 127.0.0.1 at 2015-11-07 19:14:24 +1030

ActionController::RoutingError (No route matches [GET] "/users"):
  actionpack (4.1.5) lib/action_dispatch/middleware/debug_exceptions.rb:21:in `call'
  actionpack (4.1.5) lib/action_dispatch/middleware/show_exceptions.rb:30:in `call'
  railties (4.1.5) lib/rails/rack/logger.rb:38:in `call_app'
  railties (4.1.5) lib/rails/rack/logger.rb:20:in `block in call'
  activesupport (4.1.5) lib/active_support/tagged_logging.rb:68:in `block in tagged'
  activesupport (4.1.5) lib/active_support/tagged_logging.rb:26:in `tagged'
  activesupport (4.1.5) lib/active_support/tagged_logging.rb:68:in `tagged'
  railties (4.1.5) lib/rails/rack/logger.rb:20:in `call'
  actionpack (4.1.5) lib/action_dispatch/middleware/request_id.rb:21:in `call'
  rack (1.5.2) lib/rack/methodoverride.rb:21:in `call'
  rack (1.5.2) lib/rack/runtime.rb:17:in `call'
  activesupport (4.1.5) lib/active_support/cache/strategy/local_cache_middleware.rb:26:in `call'
  rack (1.5.2) lib/rack/lock.rb:17:in `call'
  actionpack (4.1.5) lib/action_dispatch/middleware/static.rb:64:in `call'
  rack (1.5.2) lib/rack/sendfile.rb:112:in `call'
  railties (4.1.5) lib/rails/engine.rb:514:in `call'
  railties (4.1.5) lib/rails/application.rb:144:in `call'
  rack (1.5.2) lib/rack/lock.rb:17:in `call'
  rack (1.5.2) lib/rack/content_length.rb:14:in `call'
  rack (1.5.2) lib/rack/handler/webrick.rb:60:in `service'
  /Users/padraigoleary/.rvm/rubies/ruby-2.2.0/lib/ruby/2.2.0/webrick/httpserver.rb:138:in `service'
  /Users/padraigoleary/.rvm/rubies/ruby-2.2.0/lib/ruby/2.2.0/webrick/httpserver.rb:94:in `run'
  /Users/padraigoleary/.rvm/rubies/ruby-2.2.0/lib/ruby/2.2.0/webrick/server.rb:294:in `block in start_thread'


  Rendered /Users/padraigoleary/.rvm/gems/ruby-2.2.0/gems/actionpack-4.1.5/lib/action_dispatch/middleware/templates/rescues/_trace.html.erb (0.9ms)
  Rendered /Users/padraigoleary/.rvm/gems/ruby-2.2.0/gems/actionpack-4.1.5/lib/action_dispatch/middleware/templates/routes/_route.html.erb (3.3ms)
  Rendered /Users/padraigoleary/.rvm/gems/ruby-2.2.0/gems/actionpack-4.1.5/lib/action_dispatch/middleware/templates/routes/_table.html.erb (3.4ms)
  Rendered /Users/padraigoleary/.rvm/gems/ruby-2.2.0/gems/actionpack-4.1.5/lib/action_dispatch/middleware/templates/rescues/routing_error.html.erb within rescues/layout (54.8ms)


Started GET "/users/sign_out" for 127.0.0.1 at 2015-11-07 19:14:25 +1030

ActionController::RoutingError (No route matches [GET] "/users/sign_out"):
  actionpack (4.1.5) lib/action_dispatch/middleware/debug_exceptions.rb:21:in `call'
  actionpack (4.1.5) lib/action_dispatch/middleware/show_exceptions.rb:30:in `call'
  railties (4.1.5) lib/rails/rack/logger.rb:38:in `call_app'
  railties (4.1.5) lib/rails/rack/logger.rb:20:in `block in call'
  activesupport (4.1.5) lib/active_support/tagged_logging.rb:68:in `block in tagged'
  activesupport (4.1.5) lib/active_support/tagged_logging.rb:26:in `tagged'
  activesupport (4.1.5) lib/active_support/tagged_logging.rb:68:in `tagged'
  railties (4.1.5) lib/rails/rack/logger.rb:20:in `call'
  actionpack (4.1.5) lib/action_dispatch/middleware/request_id.rb:21:in `call'
  rack (1.5.2) lib/rack/methodoverride.rb:21:in `call'
  rack (1.5.2) lib/rack/runtime.rb:17:in `call'
  activesupport (4.1.5) lib/active_support/cache/strategy/local_cache_middleware.rb:26:in `call'
  rack (1.5.2) lib/rack/lock.rb:17:in `call'
  actionpack (4.1.5) lib/action_dispatch/middleware/static.rb:64:in `call'
  rack (1.5.2) lib/rack/sendfile.rb:112:in `call'
  railties (4.1.5) lib/rails/engine.rb:514:in `call'
  railties (4.1.5) lib/rails/application.rb:144:in `call'
  rack (1.5.2) lib/rack/lock.rb:17:in `call'
  rack (1.5.2) lib/rack/content_length.rb:14:in `call'
  rack (1.5.2) lib/rack/handler/webrick.rb:60:in `service'
  /Users/padraigoleary/.rvm/rubies/ruby-2.2.0/lib/ruby/2.2.0/webrick/httpserver.rb:138:in `service'
  /Users/padraigoleary/.rvm/rubies/ruby-2.2.0/lib/ruby/2.2.0/webrick/httpserver.rb:94:in `run'
  /Users/padraigoleary/.rvm/rubies/ruby-2.2.0/lib/ruby/2.2.0/webrick/server.rb:294:in `block in start_thread'


  Rendered /Users/padraigoleary/.rvm/gems/ruby-2.2.0/gems/actionpack-4.1.5/lib/action_dispatch/middleware/templates/rescues/_trace.html.erb (1.0ms)
  Rendered /Users/padraigoleary/.rvm/gems/ruby-2.2.0/gems/actionpack-4.1.5/lib/action_dispatch/middleware/templates/routes/_route.html.erb (2.3ms)
  Rendered /Users/padraigoleary/.rvm/gems/ruby-2.2.0/gems/actionpack-4.1.5/lib/action_dispatch/middleware/templates/routes/_table.html.erb (1.0ms)
  Rendered /Users/padraigoleary/.rvm/gems/ruby-2.2.0/gems/actionpack-4.1.5/lib/action_dispatch/middleware/templates/rescues/routing_error.html.erb within rescues/layout (49.6ms)


Started GET "/users/new" for 127.0.0.1 at 2015-11-07 19:14:27 +1030

ActionController::RoutingError (No route matches [GET] "/users/new"):
  actionpack (4.1.5) lib/action_dispatch/middleware/debug_exceptions.rb:21:in `call'
  actionpack (4.1.5) lib/action_dispatch/middleware/show_exceptions.rb:30:in `call'
  railties (4.1.5) lib/rails/rack/logger.rb:38:in `call_app'
  railties (4.1.5) lib/rails/rack/logger.rb:20:in `block in call'
  activesupport (4.1.5) lib/active_support/tagged_logging.rb:68:in `block in tagged'
  activesupport (4.1.5) lib/active_support/tagged_logging.rb:26:in `tagged'
  activesupport (4.1.5) lib/active_support/tagged_logging.rb:68:in `tagged'
  railties (4.1.5) lib/rails/rack/logger.rb:20:in `call'
  actionpack (4.1.5) lib/action_dispatch/middleware/request_id.rb:21:in `call'
  rack (1.5.2) lib/rack/methodoverride.rb:21:in `call'
  rack (1.5.2) lib/rack/runtime.rb:17:in `call'
  activesupport (4.1.5) lib/active_support/cache/strategy/local_cache_middleware.rb:26:in `call'
  rack (1.5.2) lib/rack/lock.rb:17:in `call'
  actionpack (4.1.5) lib/action_dispatch/middleware/static.rb:64:in `call'
  rack (1.5.2) lib/rack/sendfile.rb:112:in `call'
  railties (4.1.5) lib/rails/engine.rb:514:in `call'
  railties (4.1.5) lib/rails/application.rb:144:in `call'
  rack (1.5.2) lib/rack/lock.rb:17:in `call'
  rack (1.5.2) lib/rack/content_length.rb:14:in `call'
  rack (1.5.2) lib/rack/handler/webrick.rb:60:in `service'
  /Users/padraigoleary/.rvm/rubies/ruby-2.2.0/lib/ruby/2.2.0/webrick/httpserver.rb:138:in `service'
  /Users/padraigoleary/.rvm/rubies/ruby-2.2.0/lib/ruby/2.2.0/webrick/httpserver.rb:94:in `run'
  /Users/padraigoleary/.rvm/rubies/ruby-2.2.0/lib/ruby/2.2.0/webrick/server.rb:294:in `block in start_thread'


  Rendered /Users/padraigoleary/.rvm/gems/ruby-2.2.0/gems/actionpack-4.1.5/lib/action_dispatch/middleware/templates/rescues/_trace.html.erb (1.5ms)
  Rendered /Users/padraigoleary/.rvm/gems/ruby-2.2.0/gems/actionpack-4.1.5/lib/action_dispatch/middleware/templates/routes/_route.html.erb (2.4ms)
  Rendered /Users/padraigoleary/.rvm/gems/ruby-2.2.0/gems/actionpack-4.1.5/lib/action_dispatch/middleware/templates/routes/_table.html.erb (0.9ms)
  Rendered /Users/padraigoleary/.rvm/gems/ruby-2.2.0/gems/actionpack-4.1.5/lib/action_dispatch/middleware/templates/rescues/routing_error.html.erb within rescues/layout (53.4ms)


Started GET "/users/sign_up" for 127.0.0.1 at 2015-11-07 19:14:35 +1030
Processing by RegistrationsController#new as HTML
  [1m[35mUser Load (0.2ms)[0m  SELECT  "users".* FROM "users"  WHERE "users"."id" = 1  ORDER BY "users"."id" ASC LIMIT 1
Redirected to http://localhost:3000/
Filter chain halted as :require_no_authentication rendered or redirected
Completed 302 Found in 2ms (ActiveRecord: 0.2ms)


Started GET "/" for 127.0.0.1 at 2015-11-07 19:14:35 +1030
Processing by TodoListsController#index as HTML
  [1m[36mTodoList Load (0.1ms)[0m  [1mSELECT "todo_lists".* FROM "todo_lists"[0m
  Rendered todo_lists/index.html.erb within layouts/application (0.5ms)
Completed 200 OK in 26ms (Views: 25.8ms | ActiveRecord: 0.1ms)


Started GET "/assets/jquery.js?body=1" for 127.0.0.1 at 2015-11-07 19:14:35 +1030


Started GET "/assets/turbolinks.js?body=1" for 127.0.0.1 at 2015-11-07 19:14:35 +1030


Started GET "/assets/jquery_ujs.js?body=1" for 127.0.0.1 at 2015-11-07 19:14:35 +1030


Started GET "/users/sign_up" for 127.0.0.1 at 2015-11-07 19:14:35 +1030
Processing by RegistrationsController#new as HTML
  [1m[35mUser Load (0.1ms)[0m  SELECT  "users".* FROM "users"  WHERE "users"."id" = 1  ORDER BY "users"."id" ASC LIMIT 1
Redirected to http://localhost:3000/
Filter chain halted as :require_no_authentication rendered or redirected
Completed 302 Found in 2ms (ActiveRecord: 0.1ms)


Started GET "/" for 127.0.0.1 at 2015-11-07 19:14:35 +1030
Processing by TodoListsController#index as HTML
  [1m[36mTodoList Load (0.1ms)[0m  [1mSELECT "todo_lists".* FROM "todo_lists"[0m
  Rendered todo_lists/index.html.erb within layouts/application (0.5ms)
Completed 200 OK in 27ms (Views: 26.4ms | ActiveRecord: 0.1ms)


Started GET "/assets/jquery.js?body=1" for 127.0.0.1 at 2015-11-07 19:14:35 +1030


Started GET "/assets/todo_items.js?body=1" for 127.0.0.1 at 2015-11-07 19:14:35 +1030


Started GET "/assets/jquery_ujs.js?body=1" for 127.0.0.1 at 2015-11-07 19:14:35 +1030


Started GET "/assets/todo_lists.js?body=1" for 127.0.0.1 at 2015-11-07 19:14:35 +1030


Started GET "/assets/turbolinks.js?body=1" for 127.0.0.1 at 2015-11-07 19:14:35 +1030


Started GET "/assets/application.js?body=1" for 127.0.0.1 at 2015-11-07 19:14:35 +1030


Started GET "/users/sign_up" for 127.0.0.1 at 2015-11-07 19:14:53 +1030
Processing by RegistrationsController#new as HTML
  Rendered devise/shared/_links.html.erb (0.4ms)
  Rendered devise/registrations/new.html.erb within layouts/application (4.8ms)
Completed 200 OK in 37ms (Views: 35.6ms | ActiveRecord: 0.0ms)


Started GET "/assets/application.css?body=1" for 127.0.0.1 at 2015-11-07 19:14:53 +1030


Started GET "/assets/jquery.js?body=1" for 127.0.0.1 at 2015-11-07 19:14:53 +1030


Started GET "/assets/jquery_ujs.js?body=1" for 127.0.0.1 at 2015-11-07 19:14:53 +1030


Started GET "/assets/turbolinks.js?body=1" for 127.0.0.1 at 2015-11-07 19:14:53 +1030


Started GET "/assets/application.js?body=1" for 127.0.0.1 at 2015-11-07 19:14:53 +1030


Started GET "/assets/todo_items.js?body=1" for 127.0.0.1 at 2015-11-07 19:14:53 +1030


Started GET "/assets/todo_lists.js?body=1" for 127.0.0.1 at 2015-11-07 19:14:53 +1030


Started POST "/users" for 127.0.0.1 at 2015-11-07 19:16:08 +1030
Processing by RegistrationsController#create as */*
  Parameters: {"email"=>"test6@mail.com", "password"=>"[FILTERED]", "password_confirmation"=>"[FILTERED]"}
Can't verify CSRF token authenticity
Completed 422 Unprocessable Entity in 1ms

ActionController::InvalidAuthenticityToken (ActionController::InvalidAuthenticityToken):
  actionpack (4.1.5) lib/action_controller/metal/request_forgery_protection.rb:176:in `handle_unverified_request'
  actionpack (4.1.5) lib/action_controller/metal/request_forgery_protection.rb:202:in `handle_unverified_request'
  devise (3.5.2) lib/devise/controllers/helpers.rb:251:in `handle_unverified_request'
  actionpack (4.1.5) lib/action_controller/metal/request_forgery_protection.rb:197:in `verify_authenticity_token'
  activesupport (4.1.5) lib/active_support/callbacks.rb:424:in `block in make_lambda'
  activesupport (4.1.5) lib/active_support/callbacks.rb:160:in `call'
  activesupport (4.1.5) lib/active_support/callbacks.rb:160:in `block in halting'
  activesupport (4.1.5) lib/active_support/callbacks.rb:166:in `call'
  activesupport (4.1.5) lib/active_support/callbacks.rb:166:in `block in halting'
  activesupport (4.1.5) lib/active_support/callbacks.rb:149:in `call'
  activesupport (4.1.5) lib/active_support/callbacks.rb:149:in `block in halting_and_conditional'
  activesupport (4.1.5) lib/active_support/callbacks.rb:149:in `call'
  activesupport (4.1.5) lib/active_support/callbacks.rb:149:in `block in halting_and_conditional'
  activesupport (4.1.5) lib/active_support/callbacks.rb:86:in `call'
  activesupport (4.1.5) lib/active_support/callbacks.rb:86:in `run_callbacks'
  actionpack (4.1.5) lib/abstract_controller/callbacks.rb:19:in `process_action'
  actionpack (4.1.5) lib/action_controller/metal/rescue.rb:29:in `process_action'
  actionpack (4.1.5) lib/action_controller/metal/instrumentation.rb:31:in `block in process_action'
  activesupport (4.1.5) lib/active_support/notifications.rb:159:in `block in instrument'
  activesupport (4.1.5) lib/active_support/notifications/instrumenter.rb:20:in `instrument'
  activesupport (4.1.5) lib/active_support/notifications.rb:159:in `instrument'
  actionpack (4.1.5) lib/action_controller/metal/instrumentation.rb:30:in `process_action'
  actionpack (4.1.5) lib/action_controller/metal/params_wrapper.rb:250:in `process_action'
  activerecord (4.1.5) lib/active_record/railties/controller_runtime.rb:18:in `process_action'
  actionpack (4.1.5) lib/abstract_controller/base.rb:136:in `process'
  actionview (4.1.5) lib/action_view/rendering.rb:30:in `process'
  actionpack (4.1.5) lib/action_controller/metal.rb:196:in `dispatch'
  actionpack (4.1.5) lib/action_controller/metal/rack_delegation.rb:13:in `dispatch'
  actionpack (4.1.5) lib/action_controller/metal.rb:232:in `block in action'
  actionpack (4.1.5) lib/action_dispatch/routing/route_set.rb:82:in `call'
  actionpack (4.1.5) lib/action_dispatch/routing/route_set.rb:82:in `dispatch'
  actionpack (4.1.5) lib/action_dispatch/routing/route_set.rb:50:in `call'
  actionpack (4.1.5) lib/action_dispatch/routing/mapper.rb:45:in `call'
  actionpack (4.1.5) lib/action_dispatch/journey/router.rb:71:in `block in call'
  actionpack (4.1.5) lib/action_dispatch/journey/router.rb:59:in `each'
  actionpack (4.1.5) lib/action_dispatch/journey/router.rb:59:in `call'
  actionpack (4.1.5) lib/action_dispatch/routing/route_set.rb:678:in `call'
  warden (1.2.3) lib/warden/manager.rb:35:in `block in call'
  warden (1.2.3) lib/warden/manager.rb:34:in `catch'
  warden (1.2.3) lib/warden/manager.rb:34:in `call'
  rack (1.5.2) lib/rack/etag.rb:23:in `call'
  rack (1.5.2) lib/rack/conditionalget.rb:35:in `call'
  rack (1.5.2) lib/rack/head.rb:11:in `call'
  actionpack (4.1.5) lib/action_dispatch/middleware/params_parser.rb:27:in `call'
  actionpack (4.1.5) lib/action_dispatch/middleware/flash.rb:254:in `call'
  rack (1.5.2) lib/rack/session/abstract/id.rb:225:in `context'
  rack (1.5.2) lib/rack/session/abstract/id.rb:220:in `call'
  actionpack (4.1.5) lib/action_dispatch/middleware/cookies.rb:560:in `call'
  activerecord (4.1.5) lib/active_record/query_cache.rb:36:in `call'
  activerecord (4.1.5) lib/active_record/connection_adapters/abstract/connection_pool.rb:621:in `call'
  activerecord (4.1.5) lib/active_record/migration.rb:380:in `call'
  actionpack (4.1.5) lib/action_dispatch/middleware/callbacks.rb:29:in `block in call'
  activesupport (4.1.5) lib/active_support/callbacks.rb:82:in `run_callbacks'
  actionpack (4.1.5) lib/action_dispatch/middleware/callbacks.rb:27:in `call'
  actionpack (4.1.5) lib/action_dispatch/middleware/reloader.rb:73:in `call'
  actionpack (4.1.5) lib/action_dispatch/middleware/remote_ip.rb:76:in `call'
  actionpack (4.1.5) lib/action_dispatch/middleware/debug_exceptions.rb:17:in `call'
  actionpack (4.1.5) lib/action_dispatch/middleware/show_exceptions.rb:30:in `call'
  railties (4.1.5) lib/rails/rack/logger.rb:38:in `call_app'
  railties (4.1.5) lib/rails/rack/logger.rb:20:in `block in call'
  activesupport (4.1.5) lib/active_support/tagged_logging.rb:68:in `block in tagged'
  activesupport (4.1.5) lib/active_support/tagged_logging.rb:26:in `tagged'
  activesupport (4.1.5) lib/active_support/tagged_logging.rb:68:in `tagged'
  railties (4.1.5) lib/rails/rack/logger.rb:20:in `call'
  actionpack (4.1.5) lib/action_dispatch/middleware/request_id.rb:21:in `call'
  rack (1.5.2) lib/rack/methodoverride.rb:21:in `call'
  rack (1.5.2) lib/rack/runtime.rb:17:in `call'
  activesupport (4.1.5) lib/active_support/cache/strategy/local_cache_middleware.rb:26:in `call'
  rack (1.5.2) lib/rack/lock.rb:17:in `call'
  actionpack (4.1.5) lib/action_dispatch/middleware/static.rb:64:in `call'
  rack (1.5.2) lib/rack/sendfile.rb:112:in `call'
  railties (4.1.5) lib/rails/engine.rb:514:in `call'
  railties (4.1.5) lib/rails/application.rb:144:in `call'
  rack (1.5.2) lib/rack/lock.rb:17:in `call'
  rack (1.5.2) lib/rack/content_length.rb:14:in `call'
  rack (1.5.2) lib/rack/handler/webrick.rb:60:in `service'
  /Users/padraigoleary/.rvm/rubies/ruby-2.2.0/lib/ruby/2.2.0/webrick/httpserver.rb:138:in `service'
  /Users/padraigoleary/.rvm/rubies/ruby-2.2.0/lib/ruby/2.2.0/webrick/httpserver.rb:94:in `run'
  /Users/padraigoleary/.rvm/rubies/ruby-2.2.0/lib/ruby/2.2.0/webrick/server.rb:294:in `block in start_thread'


  Rendered /Users/padraigoleary/.rvm/gems/ruby-2.2.0/gems/actionpack-4.1.5/lib/action_dispatch/middleware/templates/rescues/_source.erb (0.4ms)
  Rendered /Users/padraigoleary/.rvm/gems/ruby-2.2.0/gems/actionpack-4.1.5/lib/action_dispatch/middleware/templates/rescues/_trace.html.erb (1.3ms)
  Rendered /Users/padraigoleary/.rvm/gems/ruby-2.2.0/gems/actionpack-4.1.5/lib/action_dispatch/middleware/templates/rescues/_request_and_response.html.erb (1.0ms)
  Rendered /Users/padraigoleary/.rvm/gems/ruby-2.2.0/gems/actionpack-4.1.5/lib/action_dispatch/middleware/templates/rescues/diagnostics.erb within rescues/layout (47.9ms)


Started POST "/users" for 127.0.0.1 at 2015-11-07 19:21:16 +1030
Processing by RegistrationsController#create as */*
  Parameters: {"email"=>"test6@mail.com", "password"=>"[FILTERED]", "password_confirmation"=>"[FILTERED]"}
Can't verify CSRF token authenticity
  [1m[35m (0.1ms)[0m  begin transaction
  [1m[36m (0.1ms)[0m  [1mrollback transaction[0m
  Rendered devise/shared/_links.html.erb (0.6ms)
  Rendered devise/registrations/new.html.erb within layouts/application (4.7ms)
Completed 200 OK in 59ms (Views: 35.4ms | ActiveRecord: 1.7ms)
  [1m[36mUser Load (1.7ms)[0m  [1mSELECT "users".* FROM "users"[0m
  [1m[35m (0.2ms)[0m  SELECT COUNT(*) FROM "users"


Started POST "/users" for 127.0.0.1 at 2015-11-07 19:22:18 +1030
Processing by RegistrationsController#create as */*
  Parameters: {"email"=>"test6@mail.com", "password"=>"[FILTERED]", "password_confirmation"=>"[FILTERED]"}
Can't verify CSRF token authenticity
  [1m[35m (0.1ms)[0m  begin transaction
  [1m[36m (0.0ms)[0m  [1mrollback transaction[0m
  Rendered devise/shared/_links.html.erb (0.3ms)
  Rendered devise/registrations/new.html.erb within layouts/application (4.0ms)
Completed 200 OK in 51ms (Views: 39.9ms | ActiveRecord: 0.1ms)


Started POST "/users" for 127.0.0.1 at 2015-11-07 19:23:48 +1030
Processing by RegistrationsController#create as */*
  Parameters: {"email"=>"\"test6@mail.com\"", "password"=>"[FILTERED]", "password_confirmation"=>"[FILTERED]"}
Can't verify CSRF token authenticity
  [1m[35m (0.2ms)[0m  begin transaction
  [1m[36m (0.1ms)[0m  [1mrollback transaction[0m
  Rendered devise/shared/_links.html.erb (0.3ms)
  Rendered devise/registrations/new.html.erb within layouts/application (5.7ms)
Completed 200 OK in 67ms (Views: 56.4ms | ActiveRecord: 0.2ms)


Started POST "/users" for 127.0.0.1 at 2015-11-07 19:24:38 +1030
Processing by RegistrationsController#create as */*
  Parameters: {":email"=>"test6@mail.com", ":password"=>"[FILTERED]", ":password_confirmation"=>"[FILTERED]"}
Can't verify CSRF token authenticity
  [1m[35m (0.1ms)[0m  begin transaction
  [1m[36m (0.1ms)[0m  [1mrollback transaction[0m
  Rendered devise/shared/_links.html.erb (0.2ms)
  Rendered devise/registrations/new.html.erb within layouts/application (4.2ms)
Completed 200 OK in 46ms (Views: 35.8ms | ActiveRecord: 0.1ms)


Started GET "/" for 127.0.0.1 at 2015-11-07 19:24:50 +1030
Processing by TodoListsController#index as HTML
  [1m[35mTodoList Load (0.2ms)[0m  SELECT "todo_lists".* FROM "todo_lists"
  Rendered todo_lists/index.html.erb within layouts/application (0.9ms)
Completed 200 OK in 30ms (Views: 26.7ms | ActiveRecord: 0.2ms)


Started GET "/assets/jquery.js?body=1" for 127.0.0.1 at 2015-11-07 19:24:50 +1030


Started GET "/assets/turbolinks.js?body=1" for 127.0.0.1 at 2015-11-07 19:24:50 +1030


Started GET "/assets/jquery_ujs.js?body=1" for 127.0.0.1 at 2015-11-07 19:24:50 +1030


Started POST "/users" for 127.0.0.1 at 2015-11-07 19:25:12 +1030
Processing by RegistrationsController#create as HTML
  Parameters: {"utf8"=>"✓", "authenticity_token"=>"aPVlNf6rRan3/I9P4TPEx3lJzOBd23bVnnlirHW/i34=", "user"=>{"email"=>"test6@test.com", "password"=>"[FILTERED]", "password_confirmation"=>"[FILTERED]"}, "commit"=>"Sign up"}
  [1m[36m (0.1ms)[0m  [1mbegin transaction[0m
  [1m[35mUser Exists (0.1ms)[0m  SELECT  1 AS one FROM "users"  WHERE "users"."email" = 'test6@test.com' LIMIT 1
  [1m[36m (0.1ms)[0m  [1mrollback transaction[0m
  Rendered devise/shared/_links.html.erb (0.3ms)
  Rendered devise/registrations/new.html.erb within layouts/application (4.6ms)
Completed 200 OK in 127ms (Views: 35.0ms | ActiveRecord: 0.3ms)


Started POST "/users" for 127.0.0.1 at 2015-11-07 19:25:26 +1030
Processing by RegistrationsController#create as HTML
  Parameters: {"utf8"=>"✓", "authenticity_token"=>"aPVlNf6rRan3/I9P4TPEx3lJzOBd23bVnnlirHW/i34=", "user"=>{"email"=>"test6@test.com", "password"=>"[FILTERED]", "password_confirmation"=>"[FILTERED]"}, "commit"=>"Sign up"}
  [1m[35m (0.1ms)[0m  begin transaction
  [1m[36mUser Exists (0.1ms)[0m  [1mSELECT  1 AS one FROM "users"  WHERE "users"."email" = 'test6@test.com' LIMIT 1[0m
Binary data inserted for `string` type on column `encrypted_password`
  [1m[35mSQL (1.3ms)[0m  INSERT INTO "users" ("created_at", "email", "encrypted_password", "updated_at") VALUES (?, ?, ?, ?)  [["created_at", "2015-11-07 08:55:26.295140"], ["email", "test6@test.com"], ["encrypted_password", "$2a$10$ui2CT3RzvuT7kuhUG9r/w.3ppjxjT5p03XV254XN9TewDOnFQ9fGa"], ["updated_at", "2015-11-07 08:55:26.295140"]]
  [1m[36m (0.8ms)[0m  [1mcommit transaction[0m
  [1m[35m (0.1ms)[0m  begin transaction
Binary data inserted for `string` type on column `current_sign_in_ip`
Binary data inserted for `string` type on column `last_sign_in_ip`
  [1m[36mSQL (0.3ms)[0m  [1mUPDATE "users" SET "current_sign_in_at" = ?, "current_sign_in_ip" = ?, "last_sign_in_at" = ?, "last_sign_in_ip" = ?, "sign_in_count" = ?, "updated_at" = ? WHERE "users"."id" = 2[0m  [["current_sign_in_at", "2015-11-07 08:55:26.298951"], ["current_sign_in_ip", "127.0.0.1"], ["last_sign_in_at", "2015-11-07 08:55:26.298951"], ["last_sign_in_ip", "127.0.0.1"], ["sign_in_count", 1], ["updated_at", "2015-11-07 08:55:26.299432"]]
  [1m[35m (0.7ms)[0m  commit transaction
Redirected to http://localhost:3000/
Completed 302 Found in 92ms (ActiveRecord: 3.3ms)


Started GET "/" for 127.0.0.1 at 2015-11-07 19:25:26 +1030
Processing by TodoListsController#index as HTML
  [1m[36mTodoList Load (0.1ms)[0m  [1mSELECT "todo_lists".* FROM "todo_lists"[0m
  Rendered todo_lists/index.html.erb within layouts/application (0.6ms)
Completed 200 OK in 29ms (Views: 28.4ms | ActiveRecord: 0.1ms)
  [1m[36m (1.8ms)[0m  [1mSELECT COUNT(*) FROM "users"[0m


Started POST "/users" for 127.0.0.1 at 2015-11-07 19:34:54 +1030
Processing by RegistrationsController#create as */*
Can't verify CSRF token authenticity
  [1m[35m (0.1ms)[0m  begin transaction
  [1m[36m (0.1ms)[0m  [1mrollback transaction[0m
  Rendered devise/shared/_links.html.erb (0.3ms)
  Rendered devise/registrations/new.html.erb within layouts/application (4.9ms)
Completed 200 OK in 57ms (Views: 44.3ms | ActiveRecord: 0.1ms)


Started GET "/users/sign_up" for 127.0.0.1 at 2015-11-07 19:35:51 +1030
Processing by RegistrationsController#new as HTML
  [1m[35mUser Load (0.2ms)[0m  SELECT  "users".* FROM "users"  WHERE "users"."id" = 2  ORDER BY "users"."id" ASC LIMIT 1
Redirected to http://localhost:3000/
Filter chain halted as :require_no_authentication rendered or redirected
Completed 302 Found in 4ms (ActiveRecord: 0.2ms)


Started GET "/" for 127.0.0.1 at 2015-11-07 19:35:51 +1030
Processing by TodoListsController#index as HTML
  [1m[36mTodoList Load (0.2ms)[0m  [1mSELECT "todo_lists".* FROM "todo_lists"[0m
  Rendered todo_lists/index.html.erb within layouts/application (1.1ms)
Completed 200 OK in 31ms (Views: 30.3ms | ActiveRecord: 0.2ms)


Started GET "/users/sign_up" for 127.0.0.1 at 2015-11-07 19:35:57 +1030
Processing by RegistrationsController#new as HTML
  [1m[35mUser Load (0.3ms)[0m  SELECT  "users".* FROM "users"  WHERE "users"."id" = 2  ORDER BY "users"."id" ASC LIMIT 1
Redirected to http://localhost:3000/
Filter chain halted as :require_no_authentication rendered or redirected
Completed 302 Found in 2ms (ActiveRecord: 0.2ms)


Started GET "/" for 127.0.0.1 at 2015-11-07 19:35:57 +1030
Processing by TodoListsController#index as HTML
  [1m[36mTodoList Load (0.1ms)[0m  [1mSELECT "todo_lists".* FROM "todo_lists"[0m
  Rendered todo_lists/index.html.erb within layouts/application (0.5ms)
Completed 200 OK in 30ms (Views: 29.7ms | ActiveRecord: 0.1ms)


Started GET "/users/sign_up" for 127.0.0.1 at 2015-11-07 19:36:08 +1030
Processing by RegistrationsController#new as HTML
  [1m[35mUser Load (0.1ms)[0m  SELECT  "users".* FROM "users"  WHERE "users"."id" = 2  ORDER BY "users"."id" ASC LIMIT 1
Redirected to http://localhost:3000/
Filter chain halted as :require_no_authentication rendered or redirected
Completed 302 Found in 2ms (ActiveRecord: 0.1ms)


Started GET "/" for 127.0.0.1 at 2015-11-07 19:36:08 +1030
Processing by TodoListsController#index as HTML
  [1m[36mTodoList Load (0.1ms)[0m  [1mSELECT "todo_lists".* FROM "todo_lists"[0m
  Rendered todo_lists/index.html.erb within layouts/application (0.6ms)
Completed 200 OK in 35ms (Views: 34.5ms | ActiveRecord: 0.1ms)


Started GET "/users/sign_up" for 127.0.0.1 at 2015-11-07 19:36:45 +1030
Processing by RegistrationsController#new as HTML
  Rendered devise/shared/_links.html.erb (0.3ms)
  Rendered devise/registrations/new.html.erb within layouts/application (4.3ms)
Completed 200 OK in 37ms (Views: 36.3ms | ActiveRecord: 0.0ms)


Started GET "/assets/application.css?body=1" for 127.0.0.1 at 2015-11-07 19:36:45 +1030


Started GET "/assets/todo_items.js?body=1" for 127.0.0.1 at 2015-11-07 19:36:45 +1030


Started GET "/assets/turbolinks.js?body=1" for 127.0.0.1 at 2015-11-07 19:36:45 +1030


Started GET "/assets/jquery_ujs.js?body=1" for 127.0.0.1 at 2015-11-07 19:36:45 +1030


Started GET "/assets/jquery.js?body=1" for 127.0.0.1 at 2015-11-07 19:36:45 +1030


Started GET "/assets/todo_lists.js?body=1" for 127.0.0.1 at 2015-11-07 19:36:45 +1030


Started GET "/assets/application.js?body=1" for 127.0.0.1 at 2015-11-07 19:36:45 +1030


Started POST "/users" for 127.0.0.1 at 2015-11-07 19:38:27 +1030
Processing by RegistrationsController#create as */*
  Parameters: {"user_email"=>"test7@mail.com", "user_password"=>"[FILTERED]", "user_password_confirmation"=>"[FILTERED]"}
Can't verify CSRF token authenticity
  [1m[35m (0.1ms)[0m  begin transaction
  [1m[36m (0.1ms)[0m  [1mrollback transaction[0m
  Rendered devise/shared/_links.html.erb (0.2ms)
  Rendered devise/registrations/new.html.erb within layouts/application (3.4ms)
Completed 200 OK in 48ms (Views: 36.7ms | ActiveRecord: 0.1ms)


Started POST "/users/sign_up" for 127.0.0.1 at 2015-11-07 19:39:05 +1030

ActionController::RoutingError (No route matches [POST] "/users/sign_up"):
  actionpack (4.1.5) lib/action_dispatch/middleware/debug_exceptions.rb:21:in `call'
  actionpack (4.1.5) lib/action_dispatch/middleware/show_exceptions.rb:30:in `call'
  railties (4.1.5) lib/rails/rack/logger.rb:38:in `call_app'
  railties (4.1.5) lib/rails/rack/logger.rb:20:in `block in call'
  activesupport (4.1.5) lib/active_support/tagged_logging.rb:68:in `block in tagged'
  activesupport (4.1.5) lib/active_support/tagged_logging.rb:26:in `tagged'
  activesupport (4.1.5) lib/active_support/tagged_logging.rb:68:in `tagged'
  railties (4.1.5) lib/rails/rack/logger.rb:20:in `call'
  actionpack (4.1.5) lib/action_dispatch/middleware/request_id.rb:21:in `call'
  rack (1.5.2) lib/rack/methodoverride.rb:21:in `call'
  rack (1.5.2) lib/rack/runtime.rb:17:in `call'
  activesupport (4.1.5) lib/active_support/cache/strategy/local_cache_middleware.rb:26:in `call'
  rack (1.5.2) lib/rack/lock.rb:17:in `call'
  actionpack (4.1.5) lib/action_dispatch/middleware/static.rb:64:in `call'
  rack (1.5.2) lib/rack/sendfile.rb:112:in `call'
  railties (4.1.5) lib/rails/engine.rb:514:in `call'
  railties (4.1.5) lib/rails/application.rb:144:in `call'
  rack (1.5.2) lib/rack/lock.rb:17:in `call'
  rack (1.5.2) lib/rack/content_length.rb:14:in `call'
  rack (1.5.2) lib/rack/handler/webrick.rb:60:in `service'
  /Users/padraigoleary/.rvm/rubies/ruby-2.2.0/lib/ruby/2.2.0/webrick/httpserver.rb:138:in `service'
  /Users/padraigoleary/.rvm/rubies/ruby-2.2.0/lib/ruby/2.2.0/webrick/httpserver.rb:94:in `run'
  /Users/padraigoleary/.rvm/rubies/ruby-2.2.0/lib/ruby/2.2.0/webrick/server.rb:294:in `block in start_thread'


  Rendered /Users/padraigoleary/.rvm/gems/ruby-2.2.0/gems/actionpack-4.1.5/lib/action_dispatch/middleware/templates/rescues/_trace.html.erb (1.2ms)
  Rendered /Users/padraigoleary/.rvm/gems/ruby-2.2.0/gems/actionpack-4.1.5/lib/action_dispatch/middleware/templates/routes/_route.html.erb (2.2ms)
  Rendered /Users/padraigoleary/.rvm/gems/ruby-2.2.0/gems/actionpack-4.1.5/lib/action_dispatch/middleware/templates/routes/_table.html.erb (1.0ms)
  Rendered /Users/padraigoleary/.rvm/gems/ruby-2.2.0/gems/actionpack-4.1.5/lib/action_dispatch/middleware/templates/rescues/routing_error.html.erb within rescues/layout (54.1ms)


Started POST "/users" for 127.0.0.1 at 2015-11-07 19:39:39 +1030
Processing by RegistrationsController#create as */*
  Parameters: {"user_email"=>"test7@mail.com", "user_password"=>"[FILTERED]", "user_password_confirmation"=>"[FILTERED]"}
Can't verify CSRF token authenticity
  [1m[35m (0.1ms)[0m  begin transaction
  [1m[36m (0.1ms)[0m  [1mrollback transaction[0m
  Rendered devise/shared/_links.html.erb (0.2ms)
  Rendered devise/registrations/new.html.erb within layouts/application (4.3ms)
Completed 200 OK in 51ms (Views: 38.8ms | ActiveRecord: 0.2ms)


Started POST "/users" for 127.0.0.1 at 2015-11-07 19:40:07 +1030
Processing by RegistrationsController#create as */*
  Parameters: {"user"=>{"email"=>"test7@mail.com"}, "user_password"=>"[FILTERED]", "user_password_confirmation"=>"[FILTERED]"}
Can't verify CSRF token authenticity
  [1m[35m (0.1ms)[0m  begin transaction
  [1m[36mUser Exists (0.1ms)[0m  [1mSELECT  1 AS one FROM "users"  WHERE "users"."email" = 'test7@mail.com' LIMIT 1[0m
  [1m[35m (0.1ms)[0m  rollback transaction
  Rendered devise/shared/_links.html.erb (0.2ms)
  Rendered devise/registrations/new.html.erb within layouts/application (3.2ms)
Completed 200 OK in 54ms (Views: 39.6ms | ActiveRecord: 0.3ms)


Started POST "/users" for 127.0.0.1 at 2015-11-07 19:41:22 +1030
Processing by RegistrationsController#create as */*
  Parameters: {"user"=>{"email"=>"test7@mail.com", "password"=>"[FILTERED]", "password_confirmation"=>"[FILTERED]"}}
Can't verify CSRF token authenticity
  [1m[36m (0.1ms)[0m  [1mbegin transaction[0m
  [1m[35mUser Exists (0.1ms)[0m  SELECT  1 AS one FROM "users"  WHERE "users"."email" = 'test7@mail.com' LIMIT 1
Binary data inserted for `string` type on column `encrypted_password`
  [1m[36mSQL (0.3ms)[0m  [1mINSERT INTO "users" ("created_at", "email", "encrypted_password", "updated_at") VALUES (?, ?, ?, ?)[0m  [["created_at", "2015-11-07 09:11:22.302900"], ["email", "test7@mail.com"], ["encrypted_password", "$2a$10$3SfaYxSBcwNm3PTBin1pI.Vp9adrkOYV9rsxpTYzotPkkzM0LEpFq"], ["updated_at", "2015-11-07 09:11:22.302900"]]
  [1m[35m (0.9ms)[0m  commit transaction
  [1m[36m (0.0ms)[0m  [1mbegin transaction[0m
Binary data inserted for `string` type on column `current_sign_in_ip`
Binary data inserted for `string` type on column `last_sign_in_ip`
  [1m[35mSQL (0.2ms)[0m  UPDATE "users" SET "current_sign_in_at" = ?, "current_sign_in_ip" = ?, "last_sign_in_at" = ?, "last_sign_in_ip" = ?, "sign_in_count" = ?, "updated_at" = ? WHERE "users"."id" = 3  [["current_sign_in_at", "2015-11-07 09:11:22.305136"], ["current_sign_in_ip", "127.0.0.1"], ["last_sign_in_at", "2015-11-07 09:11:22.305136"], ["last_sign_in_ip", "127.0.0.1"], ["sign_in_count", 1], ["updated_at", "2015-11-07 09:11:22.305439"]]
  [1m[36m (0.6ms)[0m  [1mcommit transaction[0m
Redirected to http://localhost:3000/
Completed 302 Found in 86ms (ActiveRecord: 2.2ms)


Started GET "/" for 127.0.0.1 at 2015-11-07 19:41:22 +1030
Processing by TodoListsController#index as */*
  [1m[35mTodoList Load (0.2ms)[0m  SELECT "todo_lists".* FROM "todo_lists"
  Rendered todo_lists/index.html.erb within layouts/application (0.7ms)
Completed 200 OK in 36ms (Views: 35.6ms | ActiveRecord: 0.2ms)
  [1m[35m (0.2ms)[0m  SELECT COUNT(*) FROM "users"
